\BOOKMARK [0][-]{chapter.1}{\376\377\000C\000M\000O\000S\000\040\000o\000n\000l\000y\000\040\000d\000e\000s\000i\000g\000n\000s}{}% 1
\BOOKMARK [1][-]{section.1.1}{\376\377\000p\000i\000n\000o\000u\000t}{chapter.1}% 2
\BOOKMARK [1][-]{section.1.2}{\376\377\000s\000i\000g\000n\000a\000l\000s}{chapter.1}% 3
\BOOKMARK [0][-]{chapter.2}{\376\377\000h\000i\000g\000h\000\040\000v\000o\000l\000t\000a\000g\000e\000\040\000O\000T\000A}{}% 4
\BOOKMARK [1][-]{section.2.1}{\376\377\000O\000T\000A}{chapter.2}% 5
\BOOKMARK [1][-]{section.2.2}{\376\377\000b\000i\000a\000s\000\040\000g\000e\000n\000e\000r\000a\000t\000o\000r}{chapter.2}% 6
\BOOKMARK [1][-]{section.2.3}{\376\377\000l\000a\000y\000o\000u\000t}{chapter.2}% 7
\BOOKMARK [1][-]{section.2.4}{\376\377\000s\000i\000m\000u\000l\000a\000t\000i\000o\000n\000s}{chapter.2}% 8
\BOOKMARK [1][-]{section.2.5}{\376\377\000E\000T\000H\000Z\000\040\000f\000e\000e\000d\000b\000a\000c\000k}{chapter.2}% 9
\BOOKMARK [0][-]{chapter.3}{\376\377\000b\000a\000n\000d\000\040\000g\000a\000p\000\040\000r\000e\000f\000e\000r\000e\000n\000c\000e}{}% 10
\BOOKMARK [1][-]{section.3.1}{\376\377\000s\000c\000h\000e\000m\000a\000t\000i\000c}{chapter.3}% 11
\BOOKMARK [1][-]{section.3.2}{\376\377\000l\000a\000y\000o\000u\000t}{chapter.3}% 12
\BOOKMARK [1][-]{section.3.3}{\376\377\000s\000i\000m\000u\000l\000a\000t\000i\000o\000n}{chapter.3}% 13
\BOOKMARK [1][-]{section.3.4}{\376\377\000L\000V\000S}{chapter.3}% 14
\BOOKMARK [0][-]{chapter.4}{\376\377\000v\000o\000l\000t\000a\000g\000e\000-\000r\000e\000g\000u\000l\000a\000t\000o\000r\000s}{}% 15
\BOOKMARK [1][-]{section.4.1}{\376\377\000s\000h\000u\000n\000t\000-\000r\000e\000g\000u\000l\000a\000t\000o\000r}{chapter.4}% 16
\BOOKMARK [1][-]{section.4.2}{\376\377\000s\000e\000r\000i\000a\000l\000-\000r\000e\000g\000u\000l\000a\000t\000o\000r}{chapter.4}% 17
\BOOKMARK [1][-]{section.4.3}{\376\377\000s\000c\000h\000e\000m\000a\000t\000i\000c}{chapter.4}% 18
\BOOKMARK [1][-]{section.4.4}{\376\377\000l\000a\000y\000o\000u\000t}{chapter.4}% 19
\BOOKMARK [1][-]{section.4.5}{\376\377\000s\000i\000m\000u\000l\000a\000t\000i\000o\000n\000s}{chapter.4}% 20
\BOOKMARK [1][-]{section.4.6}{\376\377\000L\000V\000S}{chapter.4}% 21
\BOOKMARK [0][-]{chapter.5}{\376\377\000i\000H\000P\000s\000\040\000I\000O\000-\000C\000E\000L\000L\000s}{}% 22
\BOOKMARK [0][-]{chapter.6}{\376\377\000m\000m\000W\000\040\000d\000i\000o\000d\000e\000\040\000d\000e\000t\000e\000c\000t\000o\000r\000s}{}% 23
\BOOKMARK [1][-]{section.6.1}{\376\377\000l\000a\000y\000o\000u\000t}{chapter.6}% 24
\BOOKMARK [0][-]{chapter.7}{\376\377\000e\000x\000p\000e\000r\000i\000m\000e\000n\000t\000s}{}% 25
\BOOKMARK [1][-]{section.7.1}{\376\377\000t\000e\000s\000t\000\040\000s\000c\000h\000o\000t\000t\000k\000y\000\040\000d\000i\000o\000d\000e}{chapter.7}% 26
\BOOKMARK [1][-]{section.7.2}{\376\377\000f\000u\000s\000e}{chapter.7}% 27
\BOOKMARK [0][-]{chapter.8}{\376\377\000d\000e\000s\000i\000g\000n\000\040\000d\000a\000t\000a\000\040\000a\000n\000d\000\040\000d\000e\000s\000i\000g\000n\000\040\000p\000r\000o\000c\000e\000s\000s\000\040\000d\000e\000s\000c\000r\000i\000p\000t\000i\000o\000n}{}% 28
\BOOKMARK [1][-]{section.8.1}{\376\377\000i\000H\000P\000\040\0001\0003\0000\000n\000m\000\040\000B\000i\000C\000M\000O\000S\000\040\000p\000r\000o\000c\000e\000s\000s\000\040\000s\000g\0001\0003\000g\0002}{chapter.8}% 29
\BOOKMARK [1][-]{section.8.2}{\376\377\000X\000s\000c\000h\000e\000m\000\040\000s\000c\000h\000e\000m\000a\000t\000i\000c\000s\000:}{chapter.8}% 30
\BOOKMARK [1][-]{section.8.3}{\376\377\000K\000L\000a\000y\000o\000u\000t\000\040\000.\000G\000D\000S\000:}{chapter.8}% 31
\BOOKMARK [0][-]{chapter.9}{\376\377\000v\000a\000l\000i\000d\000a\000t\000i\000o\000n\000\040\000s\000o\000m\000e\000t\000i\000m\000e\000\040\000i\000n\000\040\000t\000h\000e\000\040\000f\000a\000r\000f\000a\000r\000\040\000f\000u\000t\000u\000r\000e}{}% 32
\BOOKMARK [0][-]{chapter.10}{\376\377\000b\000a\000c\000k\000g\000r\000o\000u\000n\000d}{}% 33
\BOOKMARK [0][-]{chapter.11}{\376\377\000t\000h\000e\000\040\000s\000g\0001\0003\000g\0002\000\040\000p\000r\000o\000c\000e\000s\000s}{}% 34
